<?xml version="1.0" encoding="UTF-8"?>
<!-- Generated by org.testng.reporters.JUnitReportReporter -->
<testsuite hostname="DESKTOP-OGFK6VP" failures="0" tests="2" name="com.appiumguide.mobileweb.ChromeConfigureApproach3" time="0.093" errors="1" timestamp="2025-08-16T10:13:38 IST" skipped="1">
  <testcase classname="com.appiumguide.mobileweb.ChromeConfigureApproach3" name="test" time="0.000">
    <skipped/>
  </testcase> <!-- test -->
  <testcase classname="com.appiumguide.mobileweb.ChromeConfigureApproach3" name="setup" time="0.093">
    <error message="Error at index 0 in: &quot;&lt;APPIUM_PORT&gt;&quot;" type="java.net.MalformedURLException">
      <![CDATA[java.net.MalformedURLException: Error at index 0 in: "<APPIUM_PORT>"
at java.base/java.net.URL.<init>(URL.java:806)
at java.base/java.net.URL.<init>(URL.java:654)
at java.base/java.net.URL.<init>(URL.java:590)
at com.appiumguide.mobileweb.ChromeConfigureApproach3.setup(ChromeConfigureApproach3.java:37)
at java.base/jdk.internal.reflect.DirectMethodHandleAccessor.invoke(DirectMethodHandleAccessor.java:103)
at java.base/java.lang.reflect.Method.invoke(Method.java:580)
at org.testng.internal.invokers.MethodInvocationHelper.invokeMethod(MethodInvocationHelper.java:141)
at org.testng.internal.invokers.MethodInvocationHelper.invokeMethodConsideringTimeout(MethodInvocationHelper.java:71)
at org.testng.internal.invokers.ConfigInvoker.invokeConfigurationMethod(ConfigInvoker.java:400)
at org.testng.internal.invokers.ConfigInvoker.invokeConfigurations(ConfigInvoker.java:333)
at org.testng.TestRunner.invokeTestConfigurations(TestRunner.java:655)
at org.testng.TestRunner.beforeRun(TestRunner.java:644)
at org.testng.TestRunner.run(TestRunner.java:610)
at org.testng.SuiteRunner.runTest(SuiteRunner.java:421)
at org.testng.SuiteRunner.runSequentially(SuiteRunner.java:413)
at org.testng.SuiteRunner.privateRun(SuiteRunner.java:373)
at org.testng.SuiteRunner.run(SuiteRunner.java:312)
at org.testng.SuiteRunnerWorker.runSuite(SuiteRunnerWorker.java:52)
at org.testng.SuiteRunnerWorker.run(SuiteRunnerWorker.java:95)
at org.testng.TestNG.runSuitesSequentially(TestNG.java:1274)
at org.testng.TestNG.runSuitesLocally(TestNG.java:1208)
at org.testng.TestNG.runSuites(TestNG.java:1112)
at org.testng.TestNG.run(TestNG.java:1079)
at org.testng.remote.AbstractRemoteTestNG.run(AbstractRemoteTestNG.java:115)
at org.testng.remote.RemoteTestNG.initAndRun(RemoteTestNG.java:293)
at org.testng.remote.RemoteTestNG.main(RemoteTestNG.java:91)
Caused by: java.lang.NumberFormatException: Error at index 0 in: "<APPIUM_PORT>"
at java.base/java.lang.NumberFormatException.forCharSequence(NumberFormatException.java:83)
at java.base/java.lang.Integer.parseInt(Integer.java:663)
at java.base/java.net.URLStreamHandler.parseURL(URLStreamHandler.java:236)
at java.base/java.net.URL.<init>(URL.java:801)
... 25 more
]]>
    </error>
  </testcase> <!-- setup -->
</testsuite> <!-- com.appiumguide.mobileweb.ChromeConfigureApproach3 -->
